<?xml version="1.0" encoding="UTF-8"?>
<TestRun id="7591168c-f65c-4b9e-aea6-6ebae4f264a9" name="i-leixl@WS-I-LEIXL-PC 2014-04-21 10:37:15" runUser="WICRESOFT\i-leixl" xmlns="http://microsoft.com/schemas/VisualStudio/TeamTest/2010">
  <TestSettings name="Local" id="e3a09f94-687b-4259-b41a-58d72e479efe">
    <Description>These are default test settings for a local test run.</Description>
    <Deployment enabled="false" runDeploymentRoot="i-leixl_WS-I-LEIXL-PC 2014-04-21 10_37_15">
      <DeploymentItem filename="D:\360云盘\办公\毕设\学生考勤系统\程序\StudentAttendanceManSys\BLL\bin\Debug\BLL.dll" />
      <DeploymentItem filename="D:\360云盘\办公\毕设\学生考勤系统\程序\StudentAttendanceManSys\Model\bin\Debug\Model.dll" />
      <DeploymentItem filename="D:\360云盘\办公\毕设\学生考勤系统\程序\StudentAttendanceManSys\DAL\bin\Debug\DAL.dll" />
      <DeploymentItem filename="D:\360云盘\办公\毕设\学生考勤系统\程序\StudentAttendanceManSys\Utility\bin\Debug\Utility.dll" />
    </Deployment>
    <Execution>
      <TestTypeSpecific />
      <AgentRule name="Execution Agents">
      </AgentRule>
    </Execution>
  </TestSettings>
  <Times creation="2014-04-21T10:37:15.4927875+08:00" queuing="2014-04-21T10:37:19.1671549+08:00" start="2014-04-21T10:37:19.3711753+08:00" finish="2014-04-21T10:37:21.1483530+08:00" />
  <ResultSummary outcome="Completed">
    <Counters total="1" executed="1" passed="1" error="0" failed="0" timeout="0" aborted="0" inconclusive="0" passedButRunAborted="0" notRunnable="0" notExecuted="0" disconnected="0" warning="0" completed="0" inProgress="0" pending="0" />
  </ResultSummary>
  <TestDefinitions>
    <UnitTest name="TestSave" storage="d:\360云盘\办公\毕设\学生考勤系统\程序\studentattendancemansys\test\bin\debug\test.dll" id="f6b5fc0b-5f20-9265-3277-e1e82dbed0ee">
      <Execution id="b9f273ee-7d3f-463d-808a-a3da487fa7ba" />
      <TestMethod codeBase="D:/360云盘/办公/毕设/学生考勤系统/程序/StudentAttendanceManSys/Test/bin/Debug/Test.DLL" adapterTypeName="Microsoft.VisualStudio.TestTools.TestTypes.Unit.UnitTestAdapter, Microsoft.VisualStudio.QualityTools.Tips.UnitTest.Adapter, Version=10.0.0.0, Culture=neutral, PublicKeyToken=b03f5f7f11d50a3a" className="Test.DALTest, Test, Version=1.0.0.0, Culture=neutral, PublicKeyToken=null" name="TestSave" />
    </UnitTest>
  </TestDefinitions>
  <TestLists>
    <TestList name="Results Not in a List" id="8c84fa94-04c1-424b-9868-57a2d4851a1d" />
    <TestList name="All Loaded Results" id="19431567-8539-422a-85d7-44ee4e166bda" />
  </TestLists>
  <TestEntries>
    <TestEntry testId="f6b5fc0b-5f20-9265-3277-e1e82dbed0ee" executionId="b9f273ee-7d3f-463d-808a-a3da487fa7ba" testListId="8c84fa94-04c1-424b-9868-57a2d4851a1d" />
  </TestEntries>
  <Results>
    <UnitTestResult executionId="b9f273ee-7d3f-463d-808a-a3da487fa7ba" testId="f6b5fc0b-5f20-9265-3277-e1e82dbed0ee" testName="TestSave" computerName="WS-I-LEIXL-PC" duration="00:00:00.6814729" startTime="2014-04-21T10:37:19.5661948+08:00" endTime="2014-04-21T10:37:20.8953277+08:00" testType="13cdc9d9-ddb5-4fa4-a97d-d965ccfc6d4b" outcome="Passed" testListId="8c84fa94-04c1-424b-9868-57a2d4851a1d" relativeResultsDirectory="b9f273ee-7d3f-463d-808a-a3da487fa7ba">
    </UnitTestResult>
  </Results>
</TestRun>