<?xml version="1.0" encoding="UTF-8"?>
<TestRun id="f250591f-b079-44dc-9cef-86d1ec6fde14" name="i-leixl@WS-I-LEIXL-01 2014-04-01 18:21:18" runUser="WICRESOFT\i-leixl" xmlns="http://microsoft.com/schemas/VisualStudio/TeamTest/2010">
  <TestSettings name="Local" id="e3a09f94-687b-4259-b41a-58d72e479efe">
    <Description>These are default test settings for a local test run.</Description>
    <Deployment userDeploymentRoot="D:\360云盘\办公\毕设\学生考勤系统\程序\StudentAttendanceManSys\TestResults" useDefaultDeploymentRoot="false" enabled="false" runDeploymentRoot="i-leixl_WS-I-LEIXL-01 2014-04-01 18_21_18">
      <DeploymentItem filename="D:\360云盘\办公\毕设\学生考勤系统\程序\StudentAttendanceManSys\BLL\bin\Debug\BLL.dll" />
      <DeploymentItem filename="D:\360云盘\办公\毕设\学生考勤系统\程序\StudentAttendanceManSys\Model\bin\Debug\Model.dll" />
      <DeploymentItem filename="D:\360云盘\办公\毕设\学生考勤系统\程序\StudentAttendanceManSys\DAL\bin\Debug\DAL.dll" />
      <DeploymentItem filename="D:\360云盘\办公\毕设\学生考勤系统\程序\StudentAttendanceManSys\Utility\bin\Debug\Utility.dll" />
    </Deployment>
    <Execution>
      <TestTypeSpecific />
      <AgentRule name="Execution Agents">
      </AgentRule>
    </Execution>
  </TestSettings>
  <Times creation="2014-04-01T18:21:18.2163070+08:00" queuing="2014-04-01T18:21:18.8027042+08:00" start="2014-04-01T18:21:18.8807032+08:00" finish="2014-04-01T18:21:19.5514946+08:00" />
  <ResultSummary outcome="Completed">
    <Counters total="1" executed="1" passed="1" error="0" failed="0" timeout="0" aborted="0" inconclusive="0" passedButRunAborted="0" notRunnable="0" notExecuted="0" disconnected="0" warning="0" completed="0" inProgress="0" pending="0" />
  </ResultSummary>
  <TestDefinitions>
    <UnitTest name="TestSave" storage="d:\360云盘\办公\毕设\学生考勤系统\程序\studentattendancemansys\test\bin\debug\test.dll" id="f6b5fc0b-5f20-9265-3277-e1e82dbed0ee">
      <Execution id="d56480d8-1900-47a9-8f41-5703d14a6e70" />
      <TestMethod codeBase="D:/360云盘/办公/毕设/学生考勤系统/程序/StudentAttendanceManSys/Test/bin/Debug/Test.DLL" adapterTypeName="Microsoft.VisualStudio.TestTools.TestTypes.Unit.UnitTestAdapter, Microsoft.VisualStudio.QualityTools.Tips.UnitTest.Adapter, Version=10.0.0.0, Culture=neutral, PublicKeyToken=b03f5f7f11d50a3a" className="Test.DALTest, Test, Version=1.0.0.0, Culture=neutral, PublicKeyToken=null" name="TestSave" />
    </UnitTest>
  </TestDefinitions>
  <TestLists>
    <TestList name="Results Not in a List" id="8c84fa94-04c1-424b-9868-57a2d4851a1d" />
    <TestList name="All Loaded Results" id="19431567-8539-422a-85d7-44ee4e166bda" />
  </TestLists>
  <TestEntries>
    <TestEntry testId="f6b5fc0b-5f20-9265-3277-e1e82dbed0ee" executionId="d56480d8-1900-47a9-8f41-5703d14a6e70" testListId="8c84fa94-04c1-424b-9868-57a2d4851a1d" />
  </TestEntries>
  <Results>
    <UnitTestResult executionId="d56480d8-1900-47a9-8f41-5703d14a6e70" testId="f6b5fc0b-5f20-9265-3277-e1e82dbed0ee" testName="TestSave" computerName="WS-I-LEIXL-01" duration="00:00:00.1229893" startTime="2014-04-01T18:21:18.8963030+08:00" endTime="2014-04-01T18:21:19.4422960+08:00" testType="13cdc9d9-ddb5-4fa4-a97d-d965ccfc6d4b" outcome="Passed" testListId="8c84fa94-04c1-424b-9868-57a2d4851a1d" relativeResultsDirectory="d56480d8-1900-47a9-8f41-5703d14a6e70">
    </UnitTestResult>
  </Results>
</TestRun>