<?xml version="1.0" encoding="UTF-8"?>
<TestRun id="b24fe97f-76f7-4b76-9bbd-d0afb938fad5" name="jobs@JOBS-PC 2014-04-04 19:14:35" runUser="jobs-PC\jobs" xmlns="http://microsoft.com/schemas/VisualStudio/TeamTest/2010">
  <TestSettings name="Local" id="e3a09f94-687b-4259-b41a-58d72e479efe">
    <Description>These are default test settings for a local test run.</Description>
    <Deployment enabled="false" runDeploymentRoot="jobs_JOBS-PC 2014-04-04 19_14_35">
      <DeploymentItem filename="D:\360云盘\办公\毕设\学生考勤系统\程序\StudentAttendanceManSys\BLL\bin\Debug\BLL.dll" />
      <DeploymentItem filename="D:\360云盘\办公\毕设\学生考勤系统\程序\StudentAttendanceManSys\Model\bin\Debug\Model.dll" />
      <DeploymentItem filename="D:\360云盘\办公\毕设\学生考勤系统\程序\StudentAttendanceManSys\DAL\bin\Debug\DAL.dll" />
      <DeploymentItem filename="D:\360云盘\办公\毕设\学生考勤系统\程序\StudentAttendanceManSys\Utility\bin\Debug\Utility.dll" />
    </Deployment>
    <Execution>
      <TestTypeSpecific />
      <AgentRule name="Execution Agents">
      </AgentRule>
    </Execution>
  </TestSettings>
  <Times creation="2014-04-04T19:14:35.0899437+08:00" queuing="2014-04-04T19:14:40.4342494+08:00" start="2014-04-04T19:14:40.5692571+08:00" finish="2014-04-04T19:14:42.1833494+08:00" />
  <ResultSummary outcome="Failed">
    <Counters total="1" executed="1" error="0" failed="1" timeout="0" aborted="0" inconclusive="0" passedButRunAborted="0" notRunnable="0" notExecuted="0" disconnected="0" warning="0" passed="0" completed="0" inProgress="0" pending="0" />
  </ResultSummary>
  <TestDefinitions>
    <UnitTest name="TestSave" storage="d:\360云盘\办公\毕设\学生考勤系统\程序\studentattendancemansys\test\bin\debug\test.dll" id="f6b5fc0b-5f20-9265-3277-e1e82dbed0ee">
      <Execution id="dd5733bf-3668-4be6-902b-9ac5fdd79ce4" />
      <TestMethod codeBase="D:/360云盘/办公/毕设/学生考勤系统/程序/StudentAttendanceManSys/Test/bin/Debug/Test.DLL" adapterTypeName="Microsoft.VisualStudio.TestTools.TestTypes.Unit.UnitTestAdapter, Microsoft.VisualStudio.QualityTools.Tips.UnitTest.Adapter, Version=10.0.0.0, Culture=neutral, PublicKeyToken=b03f5f7f11d50a3a" className="Test.DALTest, Test, Version=1.0.0.0, Culture=neutral, PublicKeyToken=null" name="TestSave" />
    </UnitTest>
  </TestDefinitions>
  <TestLists>
    <TestList name="列表中未列出的结果" id="8c84fa94-04c1-424b-9868-57a2d4851a1d" />
    <TestList name="所有已加载的结果" id="19431567-8539-422a-85d7-44ee4e166bda" />
  </TestLists>
  <TestEntries>
    <TestEntry testId="f6b5fc0b-5f20-9265-3277-e1e82dbed0ee" executionId="dd5733bf-3668-4be6-902b-9ac5fdd79ce4" testListId="8c84fa94-04c1-424b-9868-57a2d4851a1d" />
  </TestEntries>
  <Results>
    <UnitTestResult executionId="dd5733bf-3668-4be6-902b-9ac5fdd79ce4" testId="f6b5fc0b-5f20-9265-3277-e1e82dbed0ee" testName="TestSave" computerName="JOBS-PC" duration="00:00:00.6750641" startTime="2014-04-04T19:14:40.6362609+08:00" endTime="2014-04-04T19:14:42.0873439+08:00" testType="13cdc9d9-ddb5-4fa4-a97d-d965ccfc6d4b" outcome="Failed" testListId="8c84fa94-04c1-424b-9868-57a2d4851a1d" relativeResultsDirectory="dd5733bf-3668-4be6-902b-9ac5fdd79ce4">
      <Output>
        <ErrorInfo>
          <Message>测试方法 Test.DALTest.TestSave 引发了异常: 
System.Data.SqlClient.SqlException: 将截断字符串或二进制数据。
语句已终止。</Message>
          <StackTrace>    在 System.Data.SqlClient.SqlConnection.OnError(SqlException exception, Boolean breakConnection, Action`1 wrapCloseInAction)
   在 System.Data.SqlClient.SqlInternalConnection.OnError(SqlException exception, Boolean breakConnection, Action`1 wrapCloseInAction)
   在 System.Data.SqlClient.TdsParser.ThrowExceptionAndWarning(TdsParserStateObject stateObj, Boolean callerHasConnectionLock, Boolean asyncClose)
   在 System.Data.SqlClient.TdsParser.TryRun(RunBehavior runBehavior, SqlCommand cmdHandler, SqlDataReader dataStream, BulkCopySimpleResultSet bulkCopyHandler, TdsParserStateObject stateObj, Boolean&amp; dataReady)
   在 System.Data.SqlClient.SqlCommand.FinishExecuteReader(SqlDataReader ds, RunBehavior runBehavior, String resetOptionsString)
   在 System.Data.SqlClient.SqlCommand.RunExecuteReaderTds(CommandBehavior cmdBehavior, RunBehavior runBehavior, Boolean returnStream, Boolean async, Int32 timeout, Task&amp; task, Boolean asyncWrite, SqlDataReader ds)
   在 System.Data.SqlClient.SqlCommand.RunExecuteReader(CommandBehavior cmdBehavior, RunBehavior runBehavior, Boolean returnStream, String method, TaskCompletionSource`1 completion, Int32 timeout, Task&amp; task, Boolean asyncWrite)
   在 System.Data.SqlClient.SqlCommand.InternalExecuteNonQuery(TaskCompletionSource`1 completion, String methodName, Boolean sendToPipe, Int32 timeout, Boolean asyncWrite)
   在 System.Data.SqlClient.SqlCommand.ExecuteNonQuery()
   在 Utility.SQLServerDBUtil.execute(String sql, SqlParameter[] sqlParas) 位置 D:\360云盘\办公\毕设\学生考勤系统\程序\StudentAttendanceManSys\Utility\SQLServerDBUtil.cs:行号 81
   在 DAL.SQLServerDAL.UserDAL.save(Object obj) 位置 D:\360云盘\办公\毕设\学生考勤系统\程序\StudentAttendanceManSys\DAL\SQLServerDAL\UserDAL.cs:行号 26
   在 Test.DALTest.TestSave() 位置 D:\360云盘\办公\毕设\学生考勤系统\程序\StudentAttendanceManSys\Test\DALTest.cs:行号 26
</StackTrace>
        </ErrorInfo>
      </Output>
    </UnitTestResult>
  </Results>
</TestRun>